# JRE version: OpenJDK Runtime Environment Microsoft-7621296 (11.0.19+7) (build 11.0.19+7-LTS)
# Java VM: OpenJDK 64-Bit Server VM Microsoft-7621296 (11.0.19+7-LTS, mixed mode, tiered, compressed oops, g1 gc, windows-amd64)
Heap:
 garbage-first heap   total 152576K, used 44952K [0x0000000080000000, 0x0000000100000000)
  region size 1024K, 6 young (6144K), 6 survivors (6144K)
 Metaspace       used 64194K, capacity 65909K, committed 66000K, reserved 581632K
  class space    used 8303K, capacity 9020K, committed 9088K, reserved 516096K
GC Heap History (20 events):
Event: 4.337 GC heap before
{Heap before GC invocations=2 (full 0):
 garbage-first heap   total 126976K, used 44655K [0x0000000080000000, 0x0000000100000000)
  region size 1024K, 38 young (38912K), 10 survivors (10240K)
 Metaspace       used 20218K, capacity 20527K, committed 20736K, reserved 534528K
  class space    used 2408K, capacity 2553K, committed 2560K, reserved 516096K
}
Event: 4.344 GC heap after
{Heap after GC invocations=3 (full 0):
 garbage-first heap   total 126976K, used 16932K [0x0000000080000000, 0x0000000100000000)
  region size 1024K, 2 young (2048K), 2 survivors (2048K)
 Metaspace       used 20218K, capacity 20527K, committed 20736K, reserved 534528K
  class space    used 2408K, capacity 2553K, committed 2560K, reserved 516096K
}
Event: 4.432 GC heap before
{Heap before GC invocations=3 (full 0):
 garbage-first heap   total 126976K, used 22052K [0x0000000080000000, 0x0000000100000000)
  region size 1024K, 8 young (8192K), 2 survivors (2048K)
 Metaspace       used 20740K, capacity 21127K, committed 21296K, reserved 536576K
  class space    used 2480K, capacity 2628K, committed 2688K, reserved 516096K
}
Event: 4.435 GC heap after
{Heap after GC invocations=4 (full 0):
 garbage-first heap   total 126976K, used 17228K [0x0000000080000000, 0x0000000100000000)
  region size 1024K, 2 young (2048K), 2 survivors (2048K)
 Metaspace       used 20740K, capacity 21127K, committed 21296K, reserved 536576K
  class space    used 2480K, capacity 2628K, committed 2688K, reserved 516096K
}
Event: 5.819 GC heap before
{Heap before GC invocations=5 (full 0):
 garbage-first heap   total 126976K, used 71500K [0x0000000080000000, 0x0000000100000000)
  region size 1024K, 55 young (56320K), 2 survivors (2048K)
 Metaspace       used 26466K, capacity 27062K, committed 27184K, reserved 540672K
  class space    used 3417K, capacity 3638K, committed 3712K, reserved 516096K
}
Event: 5.823 GC heap after
{Heap after GC invocations=6 (full 0):
 garbage-first heap   total 126976K, used 19075K [0x0000000080000000, 0x0000000100000000)
  region size 1024K, 4 young (4096K), 4 survivors (4096K)
 Metaspace       used 26466K, capacity 27062K, committed 27184K, reserved 540672K
  class space    used 3417K, capacity 3638K, committed 3712K, reserved 516096K
}
Event: 7.116 GC heap before
{Heap before GC invocations=6 (full 0):
 garbage-first heap   total 126976K, used 77443K [0x0000000080000000, 0x0000000100000000)
  region size 1024K, 61 young (62464K), 4 survivors (4096K)
 Metaspace       used 32319K, capacity 33071K, committed 33200K, reserved 544768K
  class space    used 4264K, capacity 4579K, committed 4608K, reserved 516096K
}
Event: 7.126 GC heap after
{Heap after GC invocations=7 (full 0):
 garbage-first heap   total 126976K, used 21345K [0x0000000080000000, 0x0000000100000000)
  region size 1024K, 6 young (6144K), 6 survivors (6144K)
 Metaspace       used 32319K, capacity 33071K, committed 33200K, reserved 544768K
  class space    used 4264K, capacity 4579K, committed 4608K, reserved 516096K
}
Event: 7.467 GC heap before
{Heap before GC invocations=7 (full 0):
 garbage-first heap   total 126976K, used 26465K [0x0000000080000000, 0x0000000100000000)
  region size 1024K, 12 young (12288K), 6 survivors (6144K)
 Metaspace       used 35008K, capacity 35783K, committed 35920K, reserved 548864K
  class space    used 4477K, capacity 4822K, committed 4864K, reserved 516096K
}
Event: 7.476 GC heap after
{Heap after GC invocations=8 (full 0):
 garbage-first heap   total 126976K, used 22295K [0x0000000080000000, 0x0000000100000000)
  region size 1024K, 6 young (6144K), 6 survivors (6144K)
 Metaspace       used 35008K, capacity 35783K, committed 35920K, reserved 548864K
  class space    used 4477K, capacity 4822K, committed 4864K, reserved 516096K
}
Event: 9.181 GC heap before
{Heap before GC invocations=9 (full 0):
 garbage-first heap   total 126976K, used 82711K [0x0000000080000000, 0x0000000100000000)
  region size 1024K, 63 young (64512K), 6 survivors (6144K)
 Metaspace       used 40067K, capacity 41095K, committed 41168K, reserved 552960K
  class space    used 5034K, capacity 5436K, committed 5504K, reserved 516096K
}
Event: 9.190 GC heap after
{Heap after GC invocations=10 (full 0):
 garbage-first heap   total 126976K, used 26891K [0x0000000080000000, 0x0000000100000000)
  region size 1024K, 8 young (8192K), 8 survivors (8192K)
 Metaspace       used 40067K, capacity 41095K, committed 41168K, reserved 552960K
  class space    used 5034K, capacity 5436K, committed 5504K, reserved 516096K
}
Event: 17.338 GC heap before
{Heap before GC invocations=10 (full 0):
 garbage-first heap   total 126976K, used 85259K [0x0000000080000000, 0x0000000100000000)
  region size 1024K, 65 young (66560K), 8 survivors (8192K)
 Metaspace       used 43947K, capacity 45115K, committed 45264K, reserved 557056K
  class space    used 5517K, capacity 6002K, committed 6016K, reserved 516096K
}
Event: 17.368 GC heap after
{Heap after GC invocations=11 (full 0):
 garbage-first heap   total 126976K, used 30176K [0x0000000080000000, 0x0000000100000000)
  region size 1024K, 4 young (4096K), 4 survivors (4096K)
 Metaspace       used 43947K, capacity 45115K, committed 45264K, reserved 557056K
  class space    used 5517K, capacity 6002K, committed 6016K, reserved 516096K
}
Event: 20.681 GC heap before
{Heap before GC invocations=11 (full 0):
 garbage-first heap   total 126976K, used 89568K [0x0000000080000000, 0x0000000100000000)
  region size 1024K, 62 young (63488K), 4 survivors (4096K)
 Metaspace       used 48399K, capacity 49718K, committed 49872K, reserved 561152K
  class space    used 6220K, capacity 6764K, committed 6784K, reserved 516096K
}
Event: 20.698 GC heap after
{Heap after GC invocations=12 (full 0):
 garbage-first heap   total 126976K, used 31561K [0x0000000080000000, 0x0000000100000000)
  region size 1024K, 5 young (5120K), 5 survivors (5120K)
 Metaspace       used 48399K, capacity 49718K, committed 49872K, reserved 561152K
  class space    used 6220K, capacity 6764K, committed 6784K, reserved 516096K
}
Event: 26.291 GC heap before
{Heap before GC invocations=12 (full 0):
 garbage-first heap   total 126976K, used 93001K [0x0000000080000000, 0x0000000100000000)
  region size 1024K, 65 young (66560K), 5 survivors (5120K)
 Metaspace       used 56900K, capacity 58374K, committed 58448K, reserved 567296K
  class space    used 7281K, capacity 7872K, committed 7936K, reserved 516096K
}
Event: 26.318 GC heap after
{Heap after GC invocations=13 (full 0):
 garbage-first heap   total 126976K, used 35911K [0x0000000080000000, 0x0000000100000000)
  region size 1024K, 7 young (7168K), 7 survivors (7168K)
 Metaspace       used 56900K, capacity 58374K, committed 58448K, reserved 567296K
  class space    used 7281K, capacity 7872K, committed 7936K, reserved 516096K
}
Event: 28.178 GC heap before
{Heap before GC invocations=13 (full 0):
 garbage-first heap   total 126976K, used 58439K [0x0000000080000000, 0x0000000100000000)
  region size 1024K, 27 young (27648K), 7 survivors (7168K)
 Metaspace       used 58654K, capacity 60102K, committed 60240K, reserved 569344K
  class space    used 7467K, capacity 8084K, committed 8192K, reserved 516096K
}
Event: 28.212 GC heap after
{Heap after GC invocations=14 (full 0):
 garbage-first heap   total 152576K, used 43033K [0x0000000080000000, 0x0000000100000000)
  region size 1024K, 4 young (4096K), 4 survivors (4096K)
 Metaspace       used 58654K, capacity 60102K, committed 60240K, reserved 569344K
  class space    used 7467K, capacity 8084K, committed 8192K, reserved 516096K
}

